<?xml version="1.0" encoding="UTF-8"?>
<!-- Generated by org.testng.reporters.JUnitXMLReporter -->
<testsuite hostname="ip-172-31-22-48" ignored="0" name="Default test" tests="3" failures="0" timestamp="2022-09-13T13:39:41 UTC" time="0.068" errors="0">
  <testcase name="PersonalLoanTest1" time="0.006" classname="test.LoanTest"/>
  <testcase name="HomeLoanTest" time="0.001" classname="test.LoanTest"/>
  <testcase name="PersonalLoanTest" time="0.003" classname="test.LoanTest"/>
</testsuite> <!-- Default test -->
