<?xml version="1.0" encoding="UTF-8"?>
<testng-results skipped="0" failed="0" ignored="2" total="6" passed="4">
  <reporter-output>
  </reporter-output>
  <suite name="Suite" duration-ms="56" started-at="2022-09-13T14:45:42 UTC" finished-at="2022-09-13T14:45:42 UTC">
    <groups>
      <group name="regression">
        <method signature="LoanTest.HomeLoanTest()[pri:1, instance:test.LoanTest@6ee52dcd]" name="HomeLoanTest" class="test.LoanTest"/>
        <method signature="LoanTest.PersonalLoanTest()[pri:2, instance:test.LoanTest@6ee52dcd]" name="PersonalLoanTest" class="test.LoanTest"/>
        <method signature="LoanTest.PersonalLoanTest1()[pri:0, instance:test.LoanTest@6ee52dcd]" name="PersonalLoanTest1" class="test.LoanTest"/>
      </group> <!-- regression -->
      <group name="sanity">
        <method signature="CardTest.CCTest()[pri:0, instance:test.CardTest@458c1321]" name="CCTest" class="test.CardTest"/>
      </group> <!-- sanity -->
    </groups>
    <test name="Test" duration-ms="56" started-at="2022-09-13T14:45:42 UTC" finished-at="2022-09-13T14:45:42 UTC">
      <class name="test.LoanTest">
        <test-method status="PASS" signature="method3()[pri:0, instance:test.LoanTest@6ee52dcd]" name="method3" is-config="true" duration-ms="7" started-at="2022-09-13T14:45:42 UTC" finished-at="2022-09-13T14:45:42 UTC">
          <reporter-output>
          </reporter-output>
        </test-method> <!-- method3 -->
        <test-method status="PASS" signature="method1()[pri:0, instance:test.LoanTest@6ee52dcd]" name="method1" is-config="true" duration-ms="0" started-at="2022-09-13T14:45:42 UTC" finished-at="2022-09-13T14:45:42 UTC">
          <reporter-output>
          </reporter-output>
        </test-method> <!-- method1 -->
        <test-method status="PASS" signature="PersonalLoanTest1()[pri:0, instance:test.LoanTest@6ee52dcd]" name="PersonalLoanTest1" duration-ms="5" started-at="2022-09-13T14:45:42 UTC" finished-at="2022-09-13T14:45:42 UTC">
          <reporter-output>
          </reporter-output>
        </test-method> <!-- PersonalLoanTest1 -->
        <test-method status="PASS" signature="method2()[pri:0, instance:test.LoanTest@6ee52dcd]" name="method2" is-config="true" duration-ms="0" started-at="2022-09-13T14:45:42 UTC" finished-at="2022-09-13T14:45:42 UTC">
          <reporter-output>
          </reporter-output>
        </test-method> <!-- method2 -->
        <test-method status="PASS" signature="HomeLoanTest()[pri:1, instance:test.LoanTest@6ee52dcd]" name="HomeLoanTest" duration-ms="1" started-at="2022-09-13T14:45:42 UTC" finished-at="2022-09-13T14:45:42 UTC">
          <reporter-output>
          </reporter-output>
        </test-method> <!-- HomeLoanTest -->
        <test-method status="PASS" signature="method1()[pri:0, instance:test.LoanTest@6ee52dcd]" name="method1" is-config="true" duration-ms="0" started-at="2022-09-13T14:45:42 UTC" finished-at="2022-09-13T14:45:42 UTC">
          <reporter-output>
          </reporter-output>
        </test-method> <!-- method1 -->
        <test-method status="PASS" signature="method2()[pri:0, instance:test.LoanTest@6ee52dcd]" name="method2" is-config="true" duration-ms="1" started-at="2022-09-13T14:45:42 UTC" finished-at="2022-09-13T14:45:42 UTC">
          <reporter-output>
          </reporter-output>
        </test-method> <!-- method2 -->
        <test-method status="PASS" signature="PersonalLoanTest()[pri:2, instance:test.LoanTest@6ee52dcd]" name="PersonalLoanTest" duration-ms="1" started-at="2022-09-13T14:45:42 UTC" finished-at="2022-09-13T14:45:42 UTC">
          <reporter-output>
          </reporter-output>
        </test-method> <!-- PersonalLoanTest -->
        <test-method status="PASS" signature="method1()[pri:0, instance:test.LoanTest@6ee52dcd]" name="method1" is-config="true" duration-ms="0" started-at="2022-09-13T14:45:42 UTC" finished-at="2022-09-13T14:45:42 UTC">
          <reporter-output>
          </reporter-output>
        </test-method> <!-- method1 -->
        <test-method status="PASS" signature="method2()[pri:0, instance:test.LoanTest@6ee52dcd]" name="method2" is-config="true" duration-ms="0" started-at="2022-09-13T14:45:42 UTC" finished-at="2022-09-13T14:45:42 UTC">
          <reporter-output>
          </reporter-output>
        </test-method> <!-- method2 -->
        <test-method status="PASS" signature="method4()[pri:0, instance:test.LoanTest@6ee52dcd]" name="method4" is-config="true" duration-ms="0" started-at="2022-09-13T14:45:42 UTC" finished-at="2022-09-13T14:45:42 UTC">
          <reporter-output>
          </reporter-output>
        </test-method> <!-- method4 -->
      </class> <!-- test.LoanTest -->
      <class name="test.CardTest">
        <test-method status="PASS" signature="CCTest()[pri:0, instance:test.CardTest@458c1321]" name="CCTest" duration-ms="1" started-at="2022-09-13T14:45:42 UTC" description="this test will validate the CC functionality" finished-at="2022-09-13T14:45:42 UTC">
          <reporter-output>
          </reporter-output>
        </test-method> <!-- CCTest -->
        <test-method status="PASS" signature="method1()[pri:0, instance:test.CardTest@458c1321]" name="method1" is-config="true" duration-ms="0" started-at="2022-09-13T14:45:42 UTC" finished-at="2022-09-13T14:45:42 UTC">
          <reporter-output>
          </reporter-output>
        </test-method> <!-- method1 -->
        <test-method status="PASS" signature="method2()[pri:0, instance:test.CardTest@458c1321]" name="method2" is-config="true" duration-ms="1" started-at="2022-09-13T14:45:42 UTC" finished-at="2022-09-13T14:45:42 UTC">
          <reporter-output>
          </reporter-output>
        </test-method> <!-- method2 -->
      </class> <!-- test.CardTest -->
    </test> <!-- Test -->
  </suite> <!-- Suite -->
</testng-results>
